<?xml version="1.0" encoding="UTF-8"?>
<testsuite xmlns:xsi="http://www.w3.org/2001/XMLSchema-instance" xsi:noNamespaceSchemaLocation="https://maven.apache.org/surefire/maven-surefire-plugin/xsd/surefire-test-report-3.0.xsd" version="3.0" name="com.google.zxing.oned.EAN13BlackBox3TestCase" time="1.892" tests="1" errors="0" skipped="0" failures="0">
  <properties>
[...]
</properties>
  <testcase name="testBlackBox" classname="com.google.zxing.oned.EAN13BlackBox3TestCase" time="1.878">
    <system-err><![CDATA[INFO: Starting src\test\resources\blackbox\ean13-3\01.png
INFO: Starting src\test\resources\blackbox\ean13-3\02.png
INFO: Starting src\test\resources\blackbox\ean13-3\03.png
INFO: Starting src\test\resources\blackbox\ean13-3\04.png
INFO: Starting src\test\resources\blackbox\ean13-3\05.png
INFO: Starting src\test\resources\blackbox\ean13-3\06.png
INFO: Starting src\test\resources\blackbox\ean13-3\07.png
INFO: Starting src\test\resources\blackbox\ean13-3\08.png
INFO: Starting src\test\resources\blackbox\ean13-3\09.png
INFO: Starting src\test\resources\blackbox\ean13-3\10.png
INFO: Starting src\test\resources\blackbox\ean13-3\11.png
INFO: Starting src\test\resources\blackbox\ean13-3\12.png
INFO: Starting src\test\resources\blackbox\ean13-3\13.png
INFO: Starting src\test\resources\blackbox\ean13-3\14.png
INFO: Starting src\test\resources\blackbox\ean13-3\15.png
INFO: Starting src\test\resources\blackbox\ean13-3\16.png
INFO: Starting src\test\resources\blackbox\ean13-3\17.png
INFO: Starting src\test\resources\blackbox\ean13-3\18.png
INFO: Starting src\test\resources\blackbox\ean13-3\19.png
INFO: Starting src\test\resources\blackbox\ean13-3\20.png
INFO: Starting src\test\resources\blackbox\ean13-3\21.png
INFO: Starting src\test\resources\blackbox\ean13-3\22.png
INFO: Starting src\test\resources\blackbox\ean13-3\23.png
INFO: Starting src\test\resources\blackbox\ean13-3\24.png
INFO: Starting src\test\resources\blackbox\ean13-3\25.png
INFO: Starting src\test\resources\blackbox\ean13-3\26.png
INFO: Starting src\test\resources\blackbox\ean13-3\27.png
INFO: Starting src\test\resources\blackbox\ean13-3\28.png
INFO: Starting src\test\resources\blackbox\ean13-3\29.png
INFO: Starting src\test\resources\blackbox\ean13-3\30.png
INFO: Starting src\test\resources\blackbox\ean13-3\31.png
INFO: Starting src\test\resources\blackbox\ean13-3\32.png
INFO: Starting src\test\resources\blackbox\ean13-3\33.png
INFO: Starting src\test\resources\blackbox\ean13-3\34.png
INFO: Starting src\test\resources\blackbox\ean13-3\35.png
INFO: Starting src\test\resources\blackbox\ean13-3\36.png
INFO: Starting src\test\resources\blackbox\ean13-3\37.png
INFO: Starting src\test\resources\blackbox\ean13-3\38.png
INFO: Starting src\test\resources\blackbox\ean13-3\39.png
INFO: Starting src\test\resources\blackbox\ean13-3\40.png
INFO: Starting src\test\resources\blackbox\ean13-3\41.png
INFO: Starting src\test\resources\blackbox\ean13-3\42.png
INFO: Starting src\test\resources\blackbox\ean13-3\43.png
INFO: Starting src\test\resources\blackbox\ean13-3\44.png
INFO: Starting src\test\resources\blackbox\ean13-3\45.png
INFO: Starting src\test\resources\blackbox\ean13-3\46.png
INFO: Starting src\test\resources\blackbox\ean13-3\47.png
INFO: Starting src\test\resources\blackbox\ean13-3\48.png
INFO: Starting src\test\resources\blackbox\ean13-3\49.png
INFO: Starting src\test\resources\blackbox\ean13-3\50.png
INFO: Starting src\test\resources\blackbox\ean13-3\51.png
INFO: Starting src\test\resources\blackbox\ean13-3\52.png
INFO: Starting src\test\resources\blackbox\ean13-3\53.png
INFO: Starting src\test\resources\blackbox\ean13-3\54.png
INFO: Starting src\test\resources\blackbox\ean13-3\55.png
INFO: Rotation 0 degrees:
INFO:  53 of 55 images passed (53 required)
INFO:  0 failed due to misreads, 2 not detected
INFO:  55 of 55 images passed with try harder (55 required)
INFO:  0 failed due to misreads, 0 not detected
INFO: Rotation 180 degrees:
INFO:  55 of 55 images passed (55 required)
INFO:  0 failed due to misreads, 0 not detected
INFO:  55 of 55 images passed with try harder (55 required)
INFO:  0 failed due to misreads, 0 not detected
INFO: Decoded 218 images out of 220 (99%, 218 required)
]]></system-err>
  </testcase>
</testsuite>