<?xml version="1.0" encoding="UTF-8"?>
<testsuite xmlns:xsi="http://www.w3.org/2001/XMLSchema-instance" xsi:noNamespaceSchemaLocation="https://maven.apache.org/surefire/maven-surefire-plugin/xsd/surefire-test-report-3.0.xsd" version="3.0" name="com.google.zxing.oned.EAN13BlackBox4TestCase" time="1.898" tests="1" errors="0" skipped="0" failures="0">
  <properties>
[...]
</properties>
  <testcase name="testBlackBox" classname="com.google.zxing.oned.EAN13BlackBox4TestCase" time="1.894">
    <system-err><![CDATA[INFO: Starting src\test\resources\blackbox\ean13-4\01.png
INFO: Format mismatch: expected 'EAN_13' but got 'UPC_E' (rotation: 0)
INFO: Format mismatch: expected 'EAN_13' but got 'UPC_E' (try harder, rotation: 0)
INFO: Format mismatch: expected 'EAN_13' but got 'UPC_E' (rotation: 180)
INFO: Format mismatch: expected 'EAN_13' but got 'UPC_E' (try harder, rotation: 180)
INFO: Starting src\test\resources\blackbox\ean13-4\02.png
INFO: Starting src\test\resources\blackbox\ean13-4\03.png
INFO: Starting src\test\resources\blackbox\ean13-4\04.png
INFO: Starting src\test\resources\blackbox\ean13-4\05.png
INFO: Starting src\test\resources\blackbox\ean13-4\06.png
INFO: Starting src\test\resources\blackbox\ean13-4\07.png
INFO: Starting src\test\resources\blackbox\ean13-4\08.png
INFO: Starting src\test\resources\blackbox\ean13-4\09.png
INFO: Starting src\test\resources\blackbox\ean13-4\10.png
INFO: Starting src\test\resources\blackbox\ean13-4\11.png
INFO: Starting src\test\resources\blackbox\ean13-4\12.png
INFO: Starting src\test\resources\blackbox\ean13-4\13.png
INFO: Starting src\test\resources\blackbox\ean13-4\14.png
INFO: Starting src\test\resources\blackbox\ean13-4\15.png
INFO: Starting src\test\resources\blackbox\ean13-4\16.png
INFO: Starting src\test\resources\blackbox\ean13-4\17.png
INFO: Starting src\test\resources\blackbox\ean13-4\18.png
INFO: Starting src\test\resources\blackbox\ean13-4\19.png
INFO: Starting src\test\resources\blackbox\ean13-4\20.png
INFO: Starting src\test\resources\blackbox\ean13-4\21.png
INFO: Starting src\test\resources\blackbox\ean13-4\22.png
INFO: Rotation 0 degrees:
INFO:  6 of 22 images passed (6 required)
INFO:  1 failed due to misreads, 15 not detected
INFO:  13 of 22 images passed with try harder (13 required)
INFO:  1 failed due to misreads, 8 not detected
INFO: Rotation 180 degrees:
INFO:  7 of 22 images passed (7 required)
INFO:  1 failed due to misreads, 14 not detected
INFO:  13 of 22 images passed with try harder (13 required)
INFO:  1 failed due to misreads, 8 not detected
INFO: Decoded 39 images out of 88 (44%, 39 required)
]]></system-err>
  </testcase>
</testsuite>