<?xml version="1.0" encoding="UTF-8"?>
<testsuite xmlns:xsi="http://www.w3.org/2001/XMLSchema-instance" xsi:noNamespaceSchemaLocation="https://maven.apache.org/surefire/maven-surefire-plugin/xsd/surefire-test-report-3.0.xsd" version="3.0" name="com.google.zxing.aztec.AztecBlackBox2TestCase" time="4.712" tests="1" errors="0" skipped="0" failures="0">
  <properties>
[...]
</properties>
  <testcase name="testBlackBox" classname="com.google.zxing.aztec.AztecBlackBox2TestCase" time="4.508">
    <system-err><![CDATA[INFO: Starting src\test\resources\blackbox\aztec-2\01.png
INFO: Starting src\test\resources\blackbox\aztec-2\02.png
INFO: Starting src\test\resources\blackbox\aztec-2\03.png
INFO: Starting src\test\resources\blackbox\aztec-2\04.png
INFO: Starting src\test\resources\blackbox\aztec-2\05.png
INFO: Starting src\test\resources\blackbox\aztec-2\06.png
INFO: Starting src\test\resources\blackbox\aztec-2\07.png
INFO: Starting src\test\resources\blackbox\aztec-2\08.png
INFO: Starting src\test\resources\blackbox\aztec-2\09.png
INFO: Starting src\test\resources\blackbox\aztec-2\10.png
INFO: Starting src\test\resources\blackbox\aztec-2\11.png
INFO: Starting src\test\resources\blackbox\aztec-2\12.png
INFO: Starting src\test\resources\blackbox\aztec-2\13.png
INFO: Starting src\test\resources\blackbox\aztec-2\14.png
INFO: Starting src\test\resources\blackbox\aztec-2\15.png
INFO: Starting src\test\resources\blackbox\aztec-2\16.png
INFO: Starting src\test\resources\blackbox\aztec-2\17.png
INFO: Starting src\test\resources\blackbox\aztec-2\18.png
INFO: Starting src\test\resources\blackbox\aztec-2\19.png
INFO: Starting src\test\resources\blackbox\aztec-2\20.png
INFO: Starting src\test\resources\blackbox\aztec-2\21.png
INFO: Starting src\test\resources\blackbox\aztec-2\22.png
INFO: Rotation 0 degrees:
INFO:  5 of 22 images passed (5 required)
INFO:  0 failed due to misreads, 17 not detected
INFO:  5 of 22 images passed with try harder (5 required)
INFO:  0 failed due to misreads, 17 not detected
INFO: Rotation 90 degrees:
INFO:  4 of 22 images passed (4 required)
INFO:  0 failed due to misreads, 18 not detected
INFO:  4 of 22 images passed with try harder (4 required)
INFO:  0 failed due to misreads, 18 not detected
INFO: Rotation 180 degrees:
INFO:  6 of 22 images passed (6 required)
INFO:  0 failed due to misreads, 16 not detected
INFO:  6 of 22 images passed with try harder (6 required)
INFO:  0 failed due to misreads, 16 not detected
INFO: Rotation 270 degrees:
INFO:  3 of 22 images passed (3 required)
INFO:  0 failed due to misreads, 19 not detected
INFO:  3 of 22 images passed with try harder (3 required)
INFO:  0 failed due to misreads, 19 not detected
INFO: Decoded 36 images out of 176 (20%, 36 required)
]]></system-err>
  </testcase>
</testsuite>