<?xml version="1.0" encoding="UTF-8"?>
<testsuite xmlns:xsi="http://www.w3.org/2001/XMLSchema-instance" xsi:noNamespaceSchemaLocation="https://maven.apache.org/surefire/maven-surefire-plugin/xsd/surefire-test-report-3.0.xsd" version="3.0" name="com.google.zxing.oned.UPCABlackBox2TestCase" time="3.138" tests="1" errors="0" skipped="0" failures="0">
  <properties>
[...]
</properties>
  <testcase name="testBlackBox" classname="com.google.zxing.oned.UPCABlackBox2TestCase" time="3.135">
    <system-err><![CDATA[INFO: Starting src\test\resources\blackbox\upca-2\01.png
INFO: Format mismatch: expected 'UPC_A' but got 'EAN_8' (try harder, rotation: 0)
INFO: Format mismatch: expected 'UPC_A' but got 'EAN_8' (try harder, rotation: 180)
INFO: Starting src\test\resources\blackbox\upca-2\02.png
INFO: Starting src\test\resources\blackbox\upca-2\03.png
INFO: Starting src\test\resources\blackbox\upca-2\04.png
INFO: Starting src\test\resources\blackbox\upca-2\05.png
INFO: Starting src\test\resources\blackbox\upca-2\06.png
INFO: Format mismatch: expected 'UPC_A' but got 'EAN_8' (try harder, rotation: 0)
INFO: Format mismatch: expected 'UPC_A' but got 'EAN_8' (try harder, rotation: 180)
INFO: Starting src\test\resources\blackbox\upca-2\07.png
INFO: Starting src\test\resources\blackbox\upca-2\08.png
INFO: Starting src\test\resources\blackbox\upca-2\09.png
INFO: Starting src\test\resources\blackbox\upca-2\10.png
INFO: Starting src\test\resources\blackbox\upca-2\11.png
INFO: Starting src\test\resources\blackbox\upca-2\12.png
INFO: Starting src\test\resources\blackbox\upca-2\13.png
INFO: Starting src\test\resources\blackbox\upca-2\14.png
INFO: Starting src\test\resources\blackbox\upca-2\15.png
INFO: Starting src\test\resources\blackbox\upca-2\16.png
INFO: Starting src\test\resources\blackbox\upca-2\17.png
INFO: Starting src\test\resources\blackbox\upca-2\18.png
INFO: Starting src\test\resources\blackbox\upca-2\19.png
INFO: Starting src\test\resources\blackbox\upca-2\20.png
INFO: Starting src\test\resources\blackbox\upca-2\21.png
INFO: Starting src\test\resources\blackbox\upca-2\22.png
INFO: Starting src\test\resources\blackbox\upca-2\23.png
INFO: Starting src\test\resources\blackbox\upca-2\24.png
INFO: Starting src\test\resources\blackbox\upca-2\25.png
INFO: Starting src\test\resources\blackbox\upca-2\26.png
INFO: Starting src\test\resources\blackbox\upca-2\27.png
INFO: Starting src\test\resources\blackbox\upca-2\28.png
INFO: Starting src\test\resources\blackbox\upca-2\29.png
INFO: Starting src\test\resources\blackbox\upca-2\30.png
INFO: Starting src\test\resources\blackbox\upca-2\31.png
INFO: Starting src\test\resources\blackbox\upca-2\32.png
INFO: Starting src\test\resources\blackbox\upca-2\33.png
INFO: Starting src\test\resources\blackbox\upca-2\34.png
INFO: Starting src\test\resources\blackbox\upca-2\35.png
INFO: Starting src\test\resources\blackbox\upca-2\36.png
INFO: Starting src\test\resources\blackbox\upca-2\37.png
INFO: Starting src\test\resources\blackbox\upca-2\38.png
INFO: Starting src\test\resources\blackbox\upca-2\39.png
INFO: Starting src\test\resources\blackbox\upca-2\40.png
INFO: Starting src\test\resources\blackbox\upca-2\41.png
INFO: Starting src\test\resources\blackbox\upca-2\42.png
INFO: Starting src\test\resources\blackbox\upca-2\43.png
INFO: Starting src\test\resources\blackbox\upca-2\44.png
INFO: Starting src\test\resources\blackbox\upca-2\45.png
INFO: Starting src\test\resources\blackbox\upca-2\46.png
INFO: Starting src\test\resources\blackbox\upca-2\47.png
INFO: Starting src\test\resources\blackbox\upca-2\48.png
INFO: Starting src\test\resources\blackbox\upca-2\49.png
INFO: Starting src\test\resources\blackbox\upca-2\50.png
INFO: Starting src\test\resources\blackbox\upca-2\51.png
INFO: Starting src\test\resources\blackbox\upca-2\52.png
INFO: Rotation 0 degrees:
INFO:  28 of 52 images passed (28 required)
INFO:  0 failed due to misreads, 24 not detected
INFO:  36 of 52 images passed with try harder (36 required)
INFO:  2 failed due to misreads, 14 not detected
INFO: Rotation 180 degrees:
INFO:  29 of 52 images passed (29 required)
INFO:  0 failed due to misreads, 23 not detected
INFO:  36 of 52 images passed with try harder (36 required)
INFO:  2 failed due to misreads, 14 not detected
INFO: Decoded 129 images out of 208 (62%, 129 required)
]]></system-err>
  </testcase>
</testsuite>