<?xml version="1.0" encoding="UTF-8"?>
<testsuite xmlns:xsi="http://www.w3.org/2001/XMLSchema-instance" xsi:noNamespaceSchemaLocation="https://maven.apache.org/surefire/maven-surefire-plugin/xsd/surefire-test-report-3.0.xsd" version="3.0" name="com.google.zxing.negative.PartialBlackBoxTestCase" time="21.655" tests="1" errors="0" skipped="0" failures="0">
  <properties>
[...]
</properties>
  <testcase name="testBlackBox" classname="com.google.zxing.negative.PartialBlackBoxTestCase" time="21.619">
    <system-err><![CDATA[INFO: Starting src\test\resources\blackbox\partial\01.png
INFO: Starting src\test\resources\blackbox\partial\02.png
INFO: Starting src\test\resources\blackbox\partial\03.png
INFO: Starting src\test\resources\blackbox\partial\04.png
INFO: Starting src\test\resources\blackbox\partial\05.png
INFO: Starting src\test\resources\blackbox\partial\06.png
INFO: Starting src\test\resources\blackbox\partial\07.png
INFO: Starting src\test\resources\blackbox\partial\08.png
INFO: Starting src\test\resources\blackbox\partial\09.png
INFO: Starting src\test\resources\blackbox\partial\10.png
INFO: Starting src\test\resources\blackbox\partial\11.png
INFO: Starting src\test\resources\blackbox\partial\12.png
INFO: Starting src\test\resources\blackbox\partial\13.png
INFO: Starting src\test\resources\blackbox\partial\14.png
INFO: Starting src\test\resources\blackbox\partial\15.png
INFO: Starting src\test\resources\blackbox\partial\16.png
INFO: Starting src\test\resources\blackbox\partial\17.png
INFO: Starting src\test\resources\blackbox\partial\18.png
INFO: Starting src\test\resources\blackbox\partial\19.png
INFO: Starting src\test\resources\blackbox\partial\20.png
INFO: Starting src\test\resources\blackbox\partial\21.png
INFO: Starting src\test\resources\blackbox\partial\22.png
INFO: Starting src\test\resources\blackbox\partial\23.png
INFO: Starting src\test\resources\blackbox\partial\24.png
INFO: Starting src\test\resources\blackbox\partial\25.png
INFO: Starting src\test\resources\blackbox\partial\26.png
INFO: Starting src\test\resources\blackbox\partial\27.png
INFO: Starting src\test\resources\blackbox\partial\28.png
INFO: Starting src\test\resources\blackbox\partial\29.png
INFO: Starting src\test\resources\blackbox\partial\30.png
INFO: Starting src\test\resources\blackbox\partial\31.png
INFO: Starting src\test\resources\blackbox\partial\32.png
INFO: Starting src\test\resources\blackbox\partial\33.png
INFO: Try harder found false positive: '02751160' with format 'UPC_E' (rotation: 0)
INFO: Try harder found false positive: '02751160' with format 'UPC_E' (rotation: 90)
INFO: Try harder found false positive: '02751160' with format 'UPC_E' (rotation: 180)
INFO: Try harder found false positive: '02751160' with format 'UPC_E' (rotation: 270)
INFO: Starting src\test\resources\blackbox\partial\34.png
INFO: Starting src\test\resources\blackbox\partial\35.png
INFO: Starting src\test\resources\blackbox\partial\36.png
INFO: Starting src\test\resources\blackbox\partial\37.png
INFO: Starting src\test\resources\blackbox\partial\38.png
INFO: Starting src\test\resources\blackbox\partial\39.png
INFO: Starting src\test\resources\blackbox\partial\40.png
INFO: Starting src\test\resources\blackbox\partial\41.png
INFO: Starting src\test\resources\blackbox\partial\42.png
INFO: Starting src\test\resources\blackbox\partial\43.png
INFO: Starting src\test\resources\blackbox\partial\44.png
INFO: Starting src\test\resources\blackbox\partial\45.png
INFO: Starting src\test\resources\blackbox\partial\46.png
INFO: Starting src\test\resources\blackbox\partial\47.png
INFO: Starting src\test\resources\blackbox\partial\48.png
INFO: Starting src\test\resources\blackbox\partial\49.png
INFO: Starting src\test\resources\blackbox\partial\50.png
INFO: Starting src\test\resources\blackbox\partial\51.png
INFO: Starting src\test\resources\blackbox\partial\52.png
INFO: Starting src\test\resources\blackbox\partial\53.png
INFO: Starting src\test\resources\blackbox\partial\54.png
INFO: Starting src\test\resources\blackbox\partial\55.png
INFO: Starting src\test\resources\blackbox\partial\56.png
INFO: Starting src\test\resources\blackbox\partial\57.png
INFO: Starting src\test\resources\blackbox\partial\59.png
INFO: Starting src\test\resources\blackbox\partial\60.png
INFO: Starting src\test\resources\blackbox\partial\61.png
INFO: Rotation 0 degrees: 1 of 60 images were false positives (1 allowed)
INFO: Rotation 90 degrees: 1 of 60 images were false positives (1 allowed)
INFO: Rotation 180 degrees: 1 of 60 images were false positives (1 allowed)
INFO: Rotation 270 degrees: 1 of 60 images were false positives (1 allowed)
]]></system-err>
  </testcase>
</testsuite>