<?xml version="1.0" encoding="UTF-8"?>
<testsuite xmlns:xsi="http://www.w3.org/2001/XMLSchema-instance" xsi:noNamespaceSchemaLocation="https://maven.apache.org/surefire/maven-surefire-plugin/xsd/surefire-test-report-3.0.xsd" version="3.0" name="com.google.zxing.oned.rss.expanded.RSSExpandedBlackBox2TestCase" time="6.323" tests="1" errors="0" skipped="0" failures="0">
  <properties>
[...]
</properties>
  <testcase name="testBlackBox" classname="com.google.zxing.oned.rss.expanded.RSSExpandedBlackBox2TestCase" time="6.319">
    <system-err><![CDATA[INFO: Starting src\test\resources\blackbox\rssexpanded-2\12.png
INFO: Starting src\test\resources\blackbox\rssexpanded-2\13.png
INFO: Starting src\test\resources\blackbox\rssexpanded-2\16.png
INFO: Starting src\test\resources\blackbox\rssexpanded-2\17.png
INFO: Starting src\test\resources\blackbox\rssexpanded-2\18.png
INFO: Starting src\test\resources\blackbox\rssexpanded-2\18b.png
INFO: Starting src\test\resources\blackbox\rssexpanded-2\19.png
INFO: Starting src\test\resources\blackbox\rssexpanded-2\21.png
INFO: Starting src\test\resources\blackbox\rssexpanded-2\3_01.png
INFO: Starting src\test\resources\blackbox\rssexpanded-2\3_02.png
INFO: Starting src\test\resources\blackbox\rssexpanded-2\3_03.png
INFO: Starting src\test\resources\blackbox\rssexpanded-2\3_04.png
INFO: Starting src\test\resources\blackbox\rssexpanded-2\3_05.png
INFO: Starting src\test\resources\blackbox\rssexpanded-2\3_06.png
INFO: Starting src\test\resources\blackbox\rssexpanded-2\3_07.png
INFO: Starting src\test\resources\blackbox\rssexpanded-2\3_09.png
INFO: Starting src\test\resources\blackbox\rssexpanded-2\4_00.png
INFO: Starting src\test\resources\blackbox\rssexpanded-2\4_01.png
INFO: Starting src\test\resources\blackbox\rssexpanded-2\4_02.png
INFO: Starting src\test\resources\blackbox\rssexpanded-2\4_03.png
INFO: Starting src\test\resources\blackbox\rssexpanded-2\4_04.png
INFO: Starting src\test\resources\blackbox\rssexpanded-2\4_05.png
INFO: Starting src\test\resources\blackbox\rssexpanded-2\5.png
INFO: Rotation 0 degrees:
INFO:  21 of 23 images passed (21 required)
INFO:  0 failed due to misreads, 2 not detected
INFO:  23 of 23 images passed with try harder (23 required)
INFO:  0 failed due to misreads, 0 not detected
INFO: Rotation 180 degrees:
INFO:  21 of 23 images passed (21 required)
INFO:  0 failed due to misreads, 2 not detected
INFO:  23 of 23 images passed with try harder (23 required)
INFO:  0 failed due to misreads, 0 not detected
INFO: Decoded 88 images out of 92 (95%, 88 required)
]]></system-err>
  </testcase>
</testsuite>