<?xml version="1.0" encoding="UTF-8"?>
<testsuite xmlns:xsi="http://www.w3.org/2001/XMLSchema-instance" xsi:noNamespaceSchemaLocation="https://maven.apache.org/surefire/maven-surefire-plugin/xsd/surefire-test-report-3.0.xsd" version="3.0" name="com.google.zxing.qrcode.encoder.EncoderTestCase" time="0.251" tests="69" errors="0" skipped="0" failures="0">
  <properties>
[...]
</properties>
  <testcase name="testAppendModeInfo" classname="com.google.zxing.qrcode.encoder.EncoderTestCase" time="0.002"/>
  <testcase name="testBugInBitVectorNumBytes" classname="com.google.zxing.qrcode.encoder.EncoderTestCase" time="0.071"/>
  <testcase name="testAppendAlphanumericBytes" classname="com.google.zxing.qrcode.encoder.EncoderTestCase" time="0.001"/>
  <testcase name="testEncodeShiftjisNumeric" classname="com.google.zxing.qrcode.encoder.EncoderTestCase" time="0.006"/>
  <testcase name="testAppendLengthInfo" classname="com.google.zxing.qrcode.encoder.EncoderTestCase" time="0"/>
  <testcase name="testSimpleUTF8ECI" classname="com.google.zxing.qrcode.encoder.EncoderTestCase" time="0.002"/>
  <testcase name="testEncodeWithVersionTooSmall" classname="com.google.zxing.qrcode.encoder.EncoderTestCase" time="0"/>
  <testcase name="testEncodeWithVersion" classname="com.google.zxing.qrcode.encoder.EncoderTestCase" time="0.007"/>
  <testcase name="testEncodeKanjiMode" classname="com.google.zxing.qrcode.encoder.EncoderTestCase" time="0.002"/>
  <testcase name="testGS1ModeHeaderWithECI" classname="com.google.zxing.qrcode.encoder.EncoderTestCase" time="0.003"/>
  <testcase name="testDoesNotEncodeGS1WhenBooleanTypeHintExplicitlyFalse" classname="com.google.zxing.qrcode.encoder.EncoderTestCase" time="0.001"/>
  <testcase name="testAppendKanjiBytes" classname="com.google.zxing.qrcode.encoder.EncoderTestCase" time="0"/>
  <testcase name="testEncodeGS1WithStringTypeHint" classname="com.google.zxing.qrcode.encoder.EncoderTestCase" time="0.002"/>
  <testcase name="testGetNumDataBytesAndNumECBytesForBlockID" classname="com.google.zxing.qrcode.encoder.EncoderTestCase" time="0"/>
  <testcase name="testMinimalEncoder10" classname="com.google.zxing.qrcode.encoder.EncoderTestCase" time="0.018"/>
  <testcase name="testMinimalEncoder11" classname="com.google.zxing.qrcode.encoder.EncoderTestCase" time="0.002"/>
  <testcase name="testMinimalEncoder12" classname="com.google.zxing.qrcode.encoder.EncoderTestCase" time="0.001"/>
  <testcase name="testMinimalEncoder13" classname="com.google.zxing.qrcode.encoder.EncoderTestCase" time="0.002"/>
  <testcase name="testMinimalEncoder14" classname="com.google.zxing.qrcode.encoder.EncoderTestCase" time="0.001"/>
  <testcase name="testMinimalEncoder15" classname="com.google.zxing.qrcode.encoder.EncoderTestCase" time="0.001"/>
  <testcase name="testMinimalEncoder16" classname="com.google.zxing.qrcode.encoder.EncoderTestCase" time="0"/>
  <testcase name="testMinimalEncoder17" classname="com.google.zxing.qrcode.encoder.EncoderTestCase" time="0.001"/>
  <testcase name="testMinimalEncoder18" classname="com.google.zxing.qrcode.encoder.EncoderTestCase" time="0.001"/>
  <testcase name="testMinimalEncoder19" classname="com.google.zxing.qrcode.encoder.EncoderTestCase" time="0.001"/>
  <testcase name="testMinimalEncoder20" classname="com.google.zxing.qrcode.encoder.EncoderTestCase" time="0.001"/>
  <testcase name="testMinimalEncoder21" classname="com.google.zxing.qrcode.encoder.EncoderTestCase" time="0.001"/>
  <testcase name="testMinimalEncoder22" classname="com.google.zxing.qrcode.encoder.EncoderTestCase" time="0.002"/>
  <testcase name="testMinimalEncoder23" classname="com.google.zxing.qrcode.encoder.EncoderTestCase" time="0.001"/>
  <testcase name="testMinimalEncoder24" classname="com.google.zxing.qrcode.encoder.EncoderTestCase" time="0.002"/>
  <testcase name="testMinimalEncoder25" classname="com.google.zxing.qrcode.encoder.EncoderTestCase" time="0.001"/>
  <testcase name="testMinimalEncoder26" classname="com.google.zxing.qrcode.encoder.EncoderTestCase" time="0.001"/>
  <testcase name="testMinimalEncoder27" classname="com.google.zxing.qrcode.encoder.EncoderTestCase" time="0"/>
  <testcase name="testMinimalEncoder28" classname="com.google.zxing.qrcode.encoder.EncoderTestCase" time="0.001"/>
  <testcase name="testMinimalEncoder29" classname="com.google.zxing.qrcode.encoder.EncoderTestCase" time="0"/>
  <testcase name="testMinimalEncoder30" classname="com.google.zxing.qrcode.encoder.EncoderTestCase" time="0.001"/>
  <testcase name="testMinimalEncoder31" classname="com.google.zxing.qrcode.encoder.EncoderTestCase" time="0"/>
  <testcase name="testMinimalEncoder32" classname="com.google.zxing.qrcode.encoder.EncoderTestCase" time="0.001"/>
  <testcase name="testMinimalEncoder33" classname="com.google.zxing.qrcode.encoder.EncoderTestCase" time="0.003"/>
  <testcase name="testMinimalEncoder34" classname="com.google.zxing.qrcode.encoder.EncoderTestCase" time="0"/>
  <testcase name="testMinimalEncoder35" classname="com.google.zxing.qrcode.encoder.EncoderTestCase" time="0.003"/>
  <testcase name="testMinimalEncoder36" classname="com.google.zxing.qrcode.encoder.EncoderTestCase" time="0.001"/>
  <testcase name="testMinimalEncoder37" classname="com.google.zxing.qrcode.encoder.EncoderTestCase" time="0.001"/>
  <testcase name="testMinimalEncoder38" classname="com.google.zxing.qrcode.encoder.EncoderTestCase" time="0.003"/>
  <testcase name="testMinimalEncoder39" classname="com.google.zxing.qrcode.encoder.EncoderTestCase" time="0.004"/>
  <testcase name="testMinimalEncoder40" classname="com.google.zxing.qrcode.encoder.EncoderTestCase" time="0.039"/>
  <testcase name="testMinimalEncoder41" classname="com.google.zxing.qrcode.encoder.EncoderTestCase" time="0.003"/>
  <testcase name="testMinimalEncoder42" classname="com.google.zxing.qrcode.encoder.EncoderTestCase" time="0.005"/>
  <testcase name="testMinimalEncoder43" classname="com.google.zxing.qrcode.encoder.EncoderTestCase" time="0.009"/>
  <testcase name="testMinimalEncoder44" classname="com.google.zxing.qrcode.encoder.EncoderTestCase" time="0.007"/>
  <testcase name="testTerminateBits" classname="com.google.zxing.qrcode.encoder.EncoderTestCase" time="0"/>
  <testcase name="testAppendNumericBytes" classname="com.google.zxing.qrcode.encoder.EncoderTestCase" time="0"/>
  <testcase name="testGetAlphanumericCode" classname="com.google.zxing.qrcode.encoder.EncoderTestCase" time="0"/>
  <testcase name="testChooseMode" classname="com.google.zxing.qrcode.encoder.EncoderTestCase" time="0"/>
  <testcase name="testEncode" classname="com.google.zxing.qrcode.encoder.EncoderTestCase" time="0.001"/>
  <testcase name="testAppend8BitBytes" classname="com.google.zxing.qrcode.encoder.EncoderTestCase" time="0"/>
  <testcase name="testEncodeGS1WithBooleanTypeHint" classname="com.google.zxing.qrcode.encoder.EncoderTestCase" time="0.004"/>
  <testcase name="testDoesNotEncodeGS1WhenStringTypeHintExplicitlyFalse" classname="com.google.zxing.qrcode.encoder.EncoderTestCase" time="0.003"/>
  <testcase name="testAppendBytes" classname="com.google.zxing.qrcode.encoder.EncoderTestCase" time="0.001"/>
  <testcase name="testMinimalEncoder1" classname="com.google.zxing.qrcode.encoder.EncoderTestCase" time="0.001"/>
  <testcase name="testMinimalEncoder2" classname="com.google.zxing.qrcode.encoder.EncoderTestCase" time="0"/>
  <testcase name="testMinimalEncoder3" classname="com.google.zxing.qrcode.encoder.EncoderTestCase" time="0.001"/>
  <testcase name="testMinimalEncoder4" classname="com.google.zxing.qrcode.encoder.EncoderTestCase" time="0"/>
  <testcase name="testMinimalEncoder5" classname="com.google.zxing.qrcode.encoder.EncoderTestCase" time="0.004"/>
  <testcase name="testMinimalEncoder6" classname="com.google.zxing.qrcode.encoder.EncoderTestCase" time="0"/>
  <testcase name="testMinimalEncoder7" classname="com.google.zxing.qrcode.encoder.EncoderTestCase" time="0.001"/>
  <testcase name="testMinimalEncoder8" classname="com.google.zxing.qrcode.encoder.EncoderTestCase" time="0.008"/>
  <testcase name="testMinimalEncoder9" classname="com.google.zxing.qrcode.encoder.EncoderTestCase" time="0"/>
  <testcase name="testInterleaveWithECBytes" classname="com.google.zxing.qrcode.encoder.EncoderTestCase" time="0"/>
  <testcase name="testGenerateECBytes" classname="com.google.zxing.qrcode.encoder.EncoderTestCase" time="0"/>
</testsuite>